<?xml version="1.0" encoding="UTF-8"?>
<testsuite xmlns:xsi="http://www.w3.org/2001/XMLSchema-instance" xsi:noNamespaceSchemaLocation="https://maven.apache.org/surefire/maven-surefire-plugin/xsd/surefire-test-report-3.0.xsd" version="3.0" name="GrowwSimpleInterestCalculatorTest" time="15.928" tests="1" errors="0" skipped="0" failures="0">
  <properties>
[...]
</properties>
  <testcase name="testSimpleInterestCalculation" classname="GrowwSimpleInterestCalculatorTest" time="15.902">
    <system-out><![CDATA[This is a placeholder for GrowwSimpleInterestCalculatorTest class.
2025-08-26T19:21:24.154062400Z main ERROR Log4j API could not find a logging provider.
Calculated Interest: 5,000, Expected Interest: 1500
Calculated Interest: 17,500, Expected Interest: 8750
Calculated Interest: 54,857, Expected Interest: 21943
]]></system-out>
  </testcase>
</testsuite>